d:\documents\casitworkspace\demo-qrcode-1\demo\debug\demo.pch
d:\documents\casitworkspace\demo-qrcode-1\demo\debug\vc141.pdb
d:\documents\casitworkspace\demo-qrcode-1\demo\debug\stdafx.obj
d:\documents\casitworkspace\demo-qrcode-1\demo\debug\defqueue.obj
d:\documents\casitworkspace\demo-qrcode-1\demo\debug\zxing-qrcode.obj
d:\documents\casitworkspace\demo-qrcode-1\demo\debug\scanner.obj
d:\documents\casitworkspace\demo-qrcode-1\demo\debug\demo.obj
d:\documents\casitworkspace\demo-qrcode-1\demo\debug\main.obj
d:\documents\casitworkspace\demo-qrcode-1\demo\debug\qrc_demo.obj
d:\documents\casitworkspace\demo-qrcode-1\demo\debug\moc_demo.obj
d:\documents\casitworkspace\demo-qrcode-1\demo\generatedfiles\ui_demo.h
d:\documents\casitworkspace\demo-qrcode-1\demo\generatedfiles\qrc_demo.cpp
d:\documents\casitworkspace\demo-qrcode-1\demo\generatedfiles\debug\moc_demo.cpp
d:\documents\casitworkspace\demo-qrcode-1\win32\debug\demo.ilk
d:\documents\casitworkspace\demo-qrcode-1\win32\debug\demo.exe
d:\documents\casitworkspace\demo-qrcode-1\win32\debug\demo.pdb
d:\documents\casitworkspace\demo-qrcode-1\demo\.\generatedfiles\debug\moc_demo.cpp
d:\documents\casitworkspace\demo-qrcode-1\demo\.\generatedfiles\qrc_demo.cpp
d:\documents\casitworkspace\demo-qrcode-1\demo\.\generatedfiles\ui_demo.h
d:\documents\casitworkspace\demo-qrcode-1\demo\debug\demo.tlog\cl.command.1.tlog
d:\documents\casitworkspace\demo-qrcode-1\demo\debug\demo.tlog\cl.read.1.tlog
d:\documents\casitworkspace\demo-qrcode-1\demo\debug\demo.tlog\cl.write.1.tlog
d:\documents\casitworkspace\demo-qrcode-1\demo\debug\demo.tlog\demo.write.1u.tlog
d:\documents\casitworkspace\demo-qrcode-1\demo\debug\demo.tlog\link.command.1.tlog
d:\documents\casitworkspace\demo-qrcode-1\demo\debug\demo.tlog\link.read.1.tlog
d:\documents\casitworkspace\demo-qrcode-1\demo\debug\demo.tlog\link.write.1.tlog
d:\documents\casitworkspace\demo-qrcode-1\demo\debug\demo.tlog\moc.read.1u.tlog
d:\documents\casitworkspace\demo-qrcode-1\demo\debug\demo.tlog\moc.write.1u.tlog
d:\documents\casitworkspace\demo-qrcode-1\demo\debug\demo.tlog\rcc.read.1u.tlog
d:\documents\casitworkspace\demo-qrcode-1\demo\debug\demo.tlog\rcc.write.1u.tlog
d:\documents\casitworkspace\demo-qrcode-1\demo\debug\demo.tlog\uic.read.1u.tlog
d:\documents\casitworkspace\demo-qrcode-1\demo\debug\demo.tlog\uic.write.1u.tlog
